==8179== NVPROF is profiling process 8179, command: ./min_max
==8179== Warning: Unified Memory Profiling is not supported on the underlying platform. System requirements for unified memory can be found at: http://docs.nvidia.com/cuda/cuda-c-programming-guide/index.html#um-requirements
==8179== Profiling application: ./min_max
==8179== Profiling result:
            Type  Time(%)      Time     Calls       Avg       Min       Max  Name
 GPU activities:   77.56%  3.9817ms        10  398.17us  389.29us  470.29us  GPU_FB_metrics
                   20.85%  1.0703ms        10  107.03us  102.77us  140.22us  GPU_CN
                    1.33%  68.030us        10  6.8030us  6.0830us  11.781us  GPU_VN
                    0.12%  6.3060us        15     420ns     224ns  2.1450us  [CUDA memcpy HtoD]
                    0.08%  3.9700us         5     794ns     544ns  1.7610us  [CUDA memset]
                    0.07%  3.3620us         4     840ns     641ns  1.0250us  [CUDA memcpy DtoH]
      API calls:   96.44%  199.53ms         6  33.255ms  12.992us  199.45ms  cudaHostAlloc
                    2.12%  4.3927ms         6  732.12us  27.840us  4.0605ms  cudaMemcpy
                    0.46%  962.02us        30  32.067us  25.632us  106.21us  cudaLaunch
                    0.27%  565.73us         5  113.15us  13.215us  476.90us  cudaMemset
                    0.18%  380.77us        13  29.289us  20.224us  91.904us  cudaMemcpyToSymbol
                    0.14%  287.87us         5  57.574us  14.976us  200.48us  cudaFree
                    0.12%  247.97us         5  49.593us  9.8240us  165.38us  cudaMalloc
                    0.08%  158.02us       120  1.3160us     800ns  28.768us  cudaSetupArgument
                    0.07%  152.06us         5  30.412us  15.776us  41.184us  cudaFreeHost
                    0.04%  75.040us        94     798ns     320ns  22.560us  cuDeviceGetAttribute
                    0.02%  31.552us         1  31.552us  31.552us  31.552us  cudaGetDeviceProperties
                    0.01%  30.848us        30  1.0280us     896ns  2.6560us  cudaConfigureCall
                    0.01%  29.792us         2  14.896us  12.960us  16.832us  cudaEventRecord
                    0.01%  18.336us         1  18.336us  18.336us  18.336us  cudaEventElapsedTime
                    0.01%  14.464us         2  7.2320us  3.8720us  10.592us  cudaEventCreate
                    0.00%  6.9120us         1  6.9120us  6.9120us  6.9120us  cudaEventSynchronize
                    0.00%  5.3760us         1  5.3760us  5.3760us  5.3760us  cuDeviceTotalMem
                    0.00%  4.8000us         3  1.6000us     608ns  2.9760us  cuDeviceGetCount
                    0.00%  1.6960us         2     848ns     672ns  1.0240us  cuDeviceGet
                    0.00%  1.1200us         1  1.1200us  1.1200us  1.1200us  cuDeviceGetName
