==19652== NVPROF is profiling process 19652, command: ./min_max
==19652== Warning: Unified Memory Profiling is not supported on the underlying platform. System requirements for unified memory can be found at: http://docs.nvidia.com/cuda/cuda-c-programming-guide/index.html#um-requirements
==19652== Profiling application: ./min_max
==19652== Profiling result:
            Type  Time(%)      Time     Calls       Avg       Min       Max  Name
 GPU activities:   78.21%  49.960ms        10  4.9960ms  4.6737ms  6.0057ms  GPU_FB_metrics
                   21.52%  13.744ms        10  1.3744ms  1.3198ms  1.4019ms  GPU_CN
                    0.25%  158.58us        10  15.858us  15.525us  16.325us  GPU_VN
                    0.01%  5.9840us        15     398ns     224ns  1.7600us  [CUDA memcpy HtoD]
                    0.01%  4.7690us         4  1.1920us     640ns  1.8250us  [CUDA memcpy DtoH]
                    0.01%  3.7760us         5     755ns     480ns  1.6960us  [CUDA memset]
      API calls:   74.52%  196.16ms         6  32.693ms  13.568us  196.04ms  cudaHostAlloc
                   24.13%  63.513ms         6  10.585ms  82.336us  62.795ms  cudaMemcpy
                    0.41%  1.0835ms        30  36.115us  27.520us  79.872us  cudaLaunch
                    0.29%  774.37us         5  154.87us  70.560us  401.31us  cudaFree
                    0.18%  467.20us         5  93.440us  13.120us  368.06us  cudaMemset
                    0.13%  330.05us        13  25.388us  21.280us  46.944us  cudaMemcpyToSymbol
                    0.11%  301.03us         5  60.205us  50.784us  76.449us  cudaFreeHost
                    0.08%  209.79us         5  41.958us  11.104us  156.48us  cudaMalloc
                    0.05%  132.64us       120  1.1050us     768ns  29.536us  cudaSetupArgument
                    0.02%  65.088us        94     692ns     320ns  19.744us  cuDeviceGetAttribute
                    0.01%  35.712us         2  17.856us  13.408us  22.304us  cudaEventRecord
                    0.01%  33.376us        30  1.1120us     992ns  2.4000us  cudaConfigureCall
                    0.01%  30.656us         1  30.656us  30.656us  30.656us  cudaEventElapsedTime
                    0.01%  26.368us         1  26.368us  26.368us  26.368us  cudaGetDeviceProperties
                    0.01%  23.200us         1  23.200us  23.200us  23.200us  cudaEventSynchronize
                    0.01%  16.256us         2  8.1280us  4.0640us  12.192us  cudaEventCreate
                    0.00%  5.1840us         1  5.1840us  5.1840us  5.1840us  cuDeviceTotalMem
                    0.00%  4.6400us         3  1.5460us     640ns  2.6880us  cuDeviceGetCount
                    0.00%  1.4720us         1  1.4720us  1.4720us  1.4720us  cuDeviceGetName
                    0.00%  1.3760us         2     688ns     576ns     800ns  cuDeviceGet
